The system is: Linux - 3.13.0-32-generic - x86_64
Compiling the CXX compiler identification source file "CMakeCXXCompilerId.cpp" succeeded.
Compiler: /home/aozhou/pub_work/jeffrey_code/R16_D9/tina/prebuilt/gcc/linux-x86/arm/toolchain-sunxi/toolchain/bin/arm-openwrt-linux-g++ 
Build flags: -std=c++11;--sysroot=;;-fPIC
Id flags:  

The output was:
0
arm-openwrt-linux-muslgnueabi-g++.bin: warning: environment variable 'STAGING_DIR' not defined
arm-openwrt-linux-muslgnueabi-g++.bin: warning: environment variable 'STAGING_DIR' not defined
arm-openwrt-linux-muslgnueabi-g++.bin: warning: environment variable 'STAGING_DIR' not defined


Compilation of the CXX compiler identification source "CMakeCXXCompilerId.cpp" produced "a.out"

The CXX compiler identification is GNU, found in "/home/aozhou/new_work/wu/R16_D9/tina/package/allwinner/dueros/src/OMtech_buildout/CMakeFiles/3.10.1/CompilerIdCXX/a.out"

Determining if the CXX compiler works passed with the following output:
Change Dir: /home/aozhou/new_work/wu/R16_D9/tina/package/allwinner/dueros/src/OMtech_buildout/CMakeFiles/CMakeTmp

Run Build Command:"/usr/bin/make" "cmTC_2de31/fast"
/usr/bin/make -f CMakeFiles/cmTC_2de31.dir/build.make CMakeFiles/cmTC_2de31.dir/build
make[1]: Entering directory `/home/aozhou/new_work/wu/R16_D9/tina/package/allwinner/dueros/src/OMtech_buildout/CMakeFiles/CMakeTmp'
Building CXX object CMakeFiles/cmTC_2de31.dir/testCXXCompiler.cxx.o
/home/aozhou/pub_work/jeffrey_code/R16_D9/tina/prebuilt/gcc/linux-x86/arm/toolchain-sunxi/toolchain/bin/arm-openwrt-linux-g++    -std=c++11 --sysroot=  -fPIC    -o CMakeFiles/cmTC_2de31.dir/testCXXCompiler.cxx.o -c /home/aozhou/new_work/wu/R16_D9/tina/package/allwinner/dueros/src/OMtech_buildout/CMakeFiles/CMakeTmp/testCXXCompiler.cxx
arm-openwrt-linux-muslgnueabi-g++.bin: warning: environment variable 'STAGING_DIR' not defined
Linking CXX executable cmTC_2de31
/home/aozhou/pub_work/jeffrey_code/test/cmake-3.10.1-Linux-x86_64/bin/cmake -E cmake_link_script CMakeFiles/cmTC_2de31.dir/link.txt --verbose=1
/home/aozhou/pub_work/jeffrey_code/R16_D9/tina/prebuilt/gcc/linux-x86/arm/toolchain-sunxi/toolchain/bin/arm-openwrt-linux-g++  -std=c++11 --sysroot=  -fPIC     -rdynamic CMakeFiles/cmTC_2de31.dir/testCXXCompiler.cxx.o  -o cmTC_2de31 
arm-openwrt-linux-muslgnueabi-g++.bin: warning: environment variable 'STAGING_DIR' not defined
arm-openwrt-linux-muslgnueabi-g++.bin: warning: environment variable 'STAGING_DIR' not defined
make[1]: Leaving directory `/home/aozhou/new_work/wu/R16_D9/tina/package/allwinner/dueros/src/OMtech_buildout/CMakeFiles/CMakeTmp'


Detecting CXX compiler ABI info compiled with the following output:
Change Dir: /home/aozhou/new_work/wu/R16_D9/tina/package/allwinner/dueros/src/OMtech_buildout/CMakeFiles/CMakeTmp

Run Build Command:"/usr/bin/make" "cmTC_8cc85/fast"
/usr/bin/make -f CMakeFiles/cmTC_8cc85.dir/build.make CMakeFiles/cmTC_8cc85.dir/build
make[1]: Entering directory `/home/aozhou/new_work/wu/R16_D9/tina/package/allwinner/dueros/src/OMtech_buildout/CMakeFiles/CMakeTmp'
Building CXX object CMakeFiles/cmTC_8cc85.dir/CMakeCXXCompilerABI.cpp.o
/home/aozhou/pub_work/jeffrey_code/R16_D9/tina/prebuilt/gcc/linux-x86/arm/toolchain-sunxi/toolchain/bin/arm-openwrt-linux-g++    -std=c++11 --sysroot=  -fPIC    -o CMakeFiles/cmTC_8cc85.dir/CMakeCXXCompilerABI.cpp.o -c /home/aozhou/pub_work/jeffrey_code/test/cmake-3.10.1-Linux-x86_64/share/cmake-3.10/Modules/CMakeCXXCompilerABI.cpp
arm-openwrt-linux-muslgnueabi-g++.bin: warning: environment variable 'STAGING_DIR' not defined
Linking CXX executable cmTC_8cc85
/home/aozhou/pub_work/jeffrey_code/test/cmake-3.10.1-Linux-x86_64/bin/cmake -E cmake_link_script CMakeFiles/cmTC_8cc85.dir/link.txt --verbose=1
/home/aozhou/pub_work/jeffrey_code/R16_D9/tina/prebuilt/gcc/linux-x86/arm/toolchain-sunxi/toolchain/bin/arm-openwrt-linux-g++  -std=c++11 --sysroot=  -fPIC    -v -rdynamic CMakeFiles/cmTC_8cc85.dir/CMakeCXXCompilerABI.cpp.o  -o cmTC_8cc85 
Reading specs from /home/aozhou/pub_work/jeffrey_code/R16_D9/tina/prebuilt/gcc/linux-x86/arm/toolchain-sunxi/toolchain/bin/../lib/gcc/arm-openwrt-linux-muslgnueabi/5.2.0/specs
COLLECT_GCC=arm-openwrt-linux-muslgnueabi-g++.bin
COLLECT_LTO_WRAPPER=/home/aozhou/pub_work/jeffrey_code/R16_D9/tina/prebuilt/gcc/linux-x86/arm/toolchain-sunxi/toolchain/bin/../libexec/gcc/arm-openwrt-linux-muslgnueabi/5.2.0/lto-wrapper
Target: arm-openwrt-linux-muslgnueabi
Configured with: /home/caiyongheng/tina_test/out/azalea-perf3/compile_dir/toolchain/gcc-5.2.0/configure --with-bugurl=https://dev.openwrt.org/ --with-pkgversion='OpenWrt GCC 5.2.0 70-1-1' --prefix=/home/caiyongheng/tina_test/out/azalea-perf3/staging_dir/toolchain --build=x86_64-linux-gnu --host=x86_64-linux-gnu --target=arm-openwrt-linux-muslgnueabi --with-gnu-ld --enable-target-optspace --disable-libgomp --disable-libmudflap --disable-multilib --disable-nls --without-isl --without-cloog --with-host-libstdcxx=-lstdc++ --with-gmp=/home/caiyongheng/tina_test/out/host --with-mpfr=/home/caiyongheng/tina_test/out/host --with-mpc=/home/caiyongheng/tina_test/out/host --disable-decimal-float --with-diagnostics-color=auto-if-env --disable-libssp --enable-__cxa_atexit --with-arch=armv7-a --with-float=hard --with-headers=/home/caiyongheng/tina_test/out/azalea-perf3/staging_dir/toolchain/include --disable-libsanitizer --enable-languages=c,c++ --enable-shared --enable-threads --with-slibdir=/home/caiyongheng/tina_test/out/azalea-perf3/staging_dir/toolchain/lib --enable-lto --with-libelf=/home/caiyongheng/tina_test/out/host
Thread model: posix
gcc version 5.2.0 (OpenWrt GCC 5.2.0 70-1-1) 
COMPILER_PATH=/home/aozhou/pub_work/jeffrey_code/R16_D9/tina/prebuilt/gcc/linux-x86/arm/toolchain-sunxi/toolchain/bin/../libexec/gcc/arm-openwrt-linux-muslgnueabi/5.2.0/:/home/aozhou/pub_work/jeffrey_code/R16_D9/tina/prebuilt/gcc/linux-x86/arm/toolchain-sunxi/toolchain/bin/../libexec/gcc/:/home/aozhou/pub_work/jeffrey_code/R16_D9/tina/prebuilt/gcc/linux-x86/arm/toolchain-sunxi/toolchain/bin/../lib/gcc/arm-openwrt-linux-muslgnueabi/5.2.0/../../../../arm-openwrt-linux-muslgnueabi/bin/
LIBRARY_PATH=/home/aozhou/pub_work/jeffrey_code/R16_D9/tina/prebuilt/gcc/linux-x86/arm/toolchain-sunxi/toolchain/bin/../lib/gcc/arm-openwrt-linux-muslgnueabi/5.2.0/:/home/aozhou/pub_work/jeffrey_code/R16_D9/tina/prebuilt/gcc/linux-x86/arm/toolchain-sunxi/toolchain/bin/../lib/gcc/:/home/aozhou/pub_work/jeffrey_code/R16_D9/tina/prebuilt/gcc/linux-x86/arm/toolchain-sunxi/toolchain/bin/../lib/gcc/arm-openwrt-linux-muslgnueabi/5.2.0/../../../../arm-openwrt-linux-muslgnueabi/lib/:/lib/:/usr/lib/
arm-openwrt-linux-muslgnueabi-g++.bin: warning: environment variable 'STAGING_DIR' not defined
arm-openwrt-linux-muslgnueabi-g++.bin: warning: environment variable 'STAGING_DIR' not defined
COLLECT_GCC_OPTIONS='-std=c++11' '-fPIC' '-v' '-rdynamic' '-o' 'cmTC_8cc85' '-shared-libgcc' '-march=armv7-a' '-mfloat-abi=hard' '-mtls-dialect=gnu'
 /home/aozhou/pub_work/jeffrey_code/R16_D9/tina/prebuilt/gcc/linux-x86/arm/toolchain-sunxi/toolchain/bin/../libexec/gcc/arm-openwrt-linux-muslgnueabi/5.2.0/collect2 -plugin /home/aozhou/pub_work/jeffrey_code/R16_D9/tina/prebuilt/gcc/linux-x86/arm/toolchain-sunxi/toolchain/bin/../libexec/gcc/arm-openwrt-linux-muslgnueabi/5.2.0/liblto_plugin.so -plugin-opt=/home/aozhou/pub_work/jeffrey_code/R16_D9/tina/prebuilt/gcc/linux-x86/arm/toolchain-sunxi/toolchain/bin/../libexec/gcc/arm-openwrt-linux-muslgnueabi/5.2.0/lto-wrapper -plugin-opt=-fresolution=/tmp/cc3lTcWK.res -plugin-opt=-pass-through=-lgcc_s -plugin-opt=-pass-through=-lc -plugin-opt=-pass-through=-lgcc_s --sysroot= --eh-frame-hdr -export-dynamic -dynamic-linker /lib/ld-musl-armhf.so.1 -X -m armelf_linux_eabi -o cmTC_8cc85 /home/aozhou/pub_work/jeffrey_code/R16_D9/tina/prebuilt/gcc/linux-x86/arm/toolchain-sunxi/toolchain/bin/../lib/gcc/arm-openwrt-linux-muslgnueabi/5.2.0/../../../../arm-openwrt-linux-muslgnueabi/lib/crt1.o /home/aozhou/pub_work/jeffrey_code/R16_D9/tina/prebuilt/gcc/linux-x86/arm/toolchain-sunxi/toolchain/bin/../lib/gcc/arm-openwrt-linux-muslgnueabi/5.2.0/../../../../arm-openwrt-linux-muslgnueabi/lib/crti.o /home/aozhou/pub_work/jeffrey_code/R16_D9/tina/prebuilt/gcc/linux-x86/arm/toolchain-sunxi/toolchain/bin/../lib/gcc/arm-openwrt-linux-muslgnueabi/5.2.0/crtbegin.o -L /usr/lib -rpath-link /usr/lib -L/home/aozhou/pub_work/jeffrey_code/R16_D9/tina/prebuilt/gcc/linux-x86/arm/toolchain-sunxi/toolchain/bin/../lib/gcc/arm-openwrt-linux-muslgnueabi/5.2.0 -L/home/aozhou/pub_work/jeffrey_code/R16_D9/tina/prebuilt/gcc/linux-x86/arm/toolchain-sunxi/toolchain/bin/../lib/gcc -L/home/aozhou/pub_work/jeffrey_code/R16_D9/tina/prebuilt/gcc/linux-x86/arm/toolchain-sunxi/toolchain/bin/../lib/gcc/arm-openwrt-linux-muslgnueabi/5.2.0/../../../../arm-openwrt-linux-muslgnueabi/lib CMakeFiles/cmTC_8cc85.dir/CMakeCXXCompilerABI.cpp.o -lstdc++ -lm -lssp_nonshared -lgcc_s -lc -lgcc_s /home/aozhou/pub_work/jeffrey_code/R16_D9/tina/prebuilt/gcc/linux-x86/arm/toolchain-sunxi/toolchain/bin/../lib/gcc/arm-openwrt-linux-muslgnueabi/5.2.0/crtend.o /home/aozhou/pub_work/jeffrey_code/R16_D9/tina/prebuilt/gcc/linux-x86/arm/toolchain-sunxi/toolchain/bin/../lib/gcc/arm-openwrt-linux-muslgnueabi/5.2.0/../../../../arm-openwrt-linux-muslgnueabi/lib/crtn.o
make[1]: Leaving directory `/home/aozhou/new_work/wu/R16_D9/tina/package/allwinner/dueros/src/OMtech_buildout/CMakeFiles/CMakeTmp'


Parsed CXX implicit link information from above output:
  link line regex: [^( *|.*[/\])(ld|CMAKE_LINK_STARTFILE-NOTFOUND|([^/\]+-)?ld|collect2)[^/\]*( |$)]
  ignore line: [Change Dir: /home/aozhou/new_work/wu/R16_D9/tina/package/allwinner/dueros/src/OMtech_buildout/CMakeFiles/CMakeTmp]
  ignore line: []
  ignore line: [Run Build Command:"/usr/bin/make" "cmTC_8cc85/fast"]
  ignore line: [/usr/bin/make -f CMakeFiles/cmTC_8cc85.dir/build.make CMakeFiles/cmTC_8cc85.dir/build]
  ignore line: [make[1]: Entering directory `/home/aozhou/new_work/wu/R16_D9/tina/package/allwinner/dueros/src/OMtech_buildout/CMakeFiles/CMakeTmp']
  ignore line: [Building CXX object CMakeFiles/cmTC_8cc85.dir/CMakeCXXCompilerABI.cpp.o]
  ignore line: [/home/aozhou/pub_work/jeffrey_code/R16_D9/tina/prebuilt/gcc/linux-x86/arm/toolchain-sunxi/toolchain/bin/arm-openwrt-linux-g++    -std=c++11 --sysroot=  -fPIC    -o CMakeFiles/cmTC_8cc85.dir/CMakeCXXCompilerABI.cpp.o -c /home/aozhou/pub_work/jeffrey_code/test/cmake-3.10.1-Linux-x86_64/share/cmake-3.10/Modules/CMakeCXXCompilerABI.cpp]
  ignore line: [arm-openwrt-linux-muslgnueabi-g++.bin: warning: environment variable 'STAGING_DIR' not defined]
  ignore line: [Linking CXX executable cmTC_8cc85]
  ignore line: [/home/aozhou/pub_work/jeffrey_code/test/cmake-3.10.1-Linux-x86_64/bin/cmake -E cmake_link_script CMakeFiles/cmTC_8cc85.dir/link.txt --verbose=1]
  ignore line: [/home/aozhou/pub_work/jeffrey_code/R16_D9/tina/prebuilt/gcc/linux-x86/arm/toolchain-sunxi/toolchain/bin/arm-openwrt-linux-g++  -std=c++11 --sysroot=  -fPIC    -v -rdynamic CMakeFiles/cmTC_8cc85.dir/CMakeCXXCompilerABI.cpp.o  -o cmTC_8cc85 ]
  ignore line: [Reading specs from /home/aozhou/pub_work/jeffrey_code/R16_D9/tina/prebuilt/gcc/linux-x86/arm/toolchain-sunxi/toolchain/bin/../lib/gcc/arm-openwrt-linux-muslgnueabi/5.2.0/specs]
  ignore line: [COLLECT_GCC=arm-openwrt-linux-muslgnueabi-g++.bin]
  ignore line: [COLLECT_LTO_WRAPPER=/home/aozhou/pub_work/jeffrey_code/R16_D9/tina/prebuilt/gcc/linux-x86/arm/toolchain-sunxi/toolchain/bin/../libexec/gcc/arm-openwrt-linux-muslgnueabi/5.2.0/lto-wrapper]
  ignore line: [Target: arm-openwrt-linux-muslgnueabi]
  ignore line: [Configured with: /home/caiyongheng/tina_test/out/azalea-perf3/compile_dir/toolchain/gcc-5.2.0/configure --with-bugurl=https://dev.openwrt.org/ --with-pkgversion='OpenWrt GCC 5.2.0 70-1-1' --prefix=/home/caiyongheng/tina_test/out/azalea-perf3/staging_dir/toolchain --build=x86_64-linux-gnu --host=x86_64-linux-gnu --target=arm-openwrt-linux-muslgnueabi --with-gnu-ld --enable-target-optspace --disable-libgomp --disable-libmudflap --disable-multilib --disable-nls --without-isl --without-cloog --with-host-libstdcxx=-lstdc++ --with-gmp=/home/caiyongheng/tina_test/out/host --with-mpfr=/home/caiyongheng/tina_test/out/host --with-mpc=/home/caiyongheng/tina_test/out/host --disable-decimal-float --with-diagnostics-color=auto-if-env --disable-libssp --enable-__cxa_atexit --with-arch=armv7-a --with-float=hard --with-headers=/home/caiyongheng/tina_test/out/azalea-perf3/staging_dir/toolchain/include --disable-libsanitizer --enable-languages=c,c++ --enable-shared --enable-threads --with-slibdir=/home/caiyongheng/tina_test/out/azalea-perf3/staging_dir/toolchain/lib --enable-lto --with-libelf=/home/caiyongheng/tina_test/out/host]
  ignore line: [Thread model: posix]
  ignore line: [gcc version 5.2.0 (OpenWrt GCC 5.2.0 70-1-1) ]
  ignore line: [COMPILER_PATH=/home/aozhou/pub_work/jeffrey_code/R16_D9/tina/prebuilt/gcc/linux-x86/arm/toolchain-sunxi/toolchain/bin/../libexec/gcc/arm-openwrt-linux-muslgnueabi/5.2.0/:/home/aozhou/pub_work/jeffrey_code/R16_D9/tina/prebuilt/gcc/linux-x86/arm/toolchain-sunxi/toolchain/bin/../libexec/gcc/:/home/aozhou/pub_work/jeffrey_code/R16_D9/tina/prebuilt/gcc/linux-x86/arm/toolchain-sunxi/toolchain/bin/../lib/gcc/arm-openwrt-linux-muslgnueabi/5.2.0/../../../../arm-openwrt-linux-muslgnueabi/bin/]
  ignore line: [LIBRARY_PATH=/home/aozhou/pub_work/jeffrey_code/R16_D9/tina/prebuilt/gcc/linux-x86/arm/toolchain-sunxi/toolchain/bin/../lib/gcc/arm-openwrt-linux-muslgnueabi/5.2.0/:/home/aozhou/pub_work/jeffrey_code/R16_D9/tina/prebuilt/gcc/linux-x86/arm/toolchain-sunxi/toolchain/bin/../lib/gcc/:/home/aozhou/pub_work/jeffrey_code/R16_D9/tina/prebuilt/gcc/linux-x86/arm/toolchain-sunxi/toolchain/bin/../lib/gcc/arm-openwrt-linux-muslgnueabi/5.2.0/../../../../arm-openwrt-linux-muslgnueabi/lib/:/lib/:/usr/lib/]
  ignore line: [arm-openwrt-linux-muslgnueabi-g++.bin: warning: environment variable 'STAGING_DIR' not defined]
  ignore line: [arm-openwrt-linux-muslgnueabi-g++.bin: warning: environment variable 'STAGING_DIR' not defined]
  ignore line: [COLLECT_GCC_OPTIONS='-std=c++11' '-fPIC' '-v' '-rdynamic' '-o' 'cmTC_8cc85' '-shared-libgcc' '-march=armv7-a' '-mfloat-abi=hard' '-mtls-dialect=gnu']
  link line: [ /home/aozhou/pub_work/jeffrey_code/R16_D9/tina/prebuilt/gcc/linux-x86/arm/toolchain-sunxi/toolchain/bin/../libexec/gcc/arm-openwrt-linux-muslgnueabi/5.2.0/collect2 -plugin /home/aozhou/pub_work/jeffrey_code/R16_D9/tina/prebuilt/gcc/linux-x86/arm/toolchain-sunxi/toolchain/bin/../libexec/gcc/arm-openwrt-linux-muslgnueabi/5.2.0/liblto_plugin.so -plugin-opt=/home/aozhou/pub_work/jeffrey_code/R16_D9/tina/prebuilt/gcc/linux-x86/arm/toolchain-sunxi/toolchain/bin/../libexec/gcc/arm-openwrt-linux-muslgnueabi/5.2.0/lto-wrapper -plugin-opt=-fresolution=/tmp/cc3lTcWK.res -plugin-opt=-pass-through=-lgcc_s -plugin-opt=-pass-through=-lc -plugin-opt=-pass-through=-lgcc_s --sysroot= --eh-frame-hdr -export-dynamic -dynamic-linker /lib/ld-musl-armhf.so.1 -X -m armelf_linux_eabi -o cmTC_8cc85 /home/aozhou/pub_work/jeffrey_code/R16_D9/tina/prebuilt/gcc/linux-x86/arm/toolchain-sunxi/toolchain/bin/../lib/gcc/arm-openwrt-linux-muslgnueabi/5.2.0/../../../../arm-openwrt-linux-muslgnueabi/lib/crt1.o /home/aozhou/pub_work/jeffrey_code/R16_D9/tina/prebuilt/gcc/linux-x86/arm/toolchain-sunxi/toolchain/bin/../lib/gcc/arm-openwrt-linux-muslgnueabi/5.2.0/../../../../arm-openwrt-linux-muslgnueabi/lib/crti.o /home/aozhou/pub_work/jeffrey_code/R16_D9/tina/prebuilt/gcc/linux-x86/arm/toolchain-sunxi/toolchain/bin/../lib/gcc/arm-openwrt-linux-muslgnueabi/5.2.0/crtbegin.o -L /usr/lib -rpath-link /usr/lib -L/home/aozhou/pub_work/jeffrey_code/R16_D9/tina/prebuilt/gcc/linux-x86/arm/toolchain-sunxi/toolchain/bin/../lib/gcc/arm-openwrt-linux-muslgnueabi/5.2.0 -L/home/aozhou/pub_work/jeffrey_code/R16_D9/tina/prebuilt/gcc/linux-x86/arm/toolchain-sunxi/toolchain/bin/../lib/gcc -L/home/aozhou/pub_work/jeffrey_code/R16_D9/tina/prebuilt/gcc/linux-x86/arm/toolchain-sunxi/toolchain/bin/../lib/gcc/arm-openwrt-linux-muslgnueabi/5.2.0/../../../../arm-openwrt-linux-muslgnueabi/lib CMakeFiles/cmTC_8cc85.dir/CMakeCXXCompilerABI.cpp.o -lstdc++ -lm -lssp_nonshared -lgcc_s -lc -lgcc_s /home/aozhou/pub_work/jeffrey_code/R16_D9/tina/prebuilt/gcc/linux-x86/arm/toolchain-sunxi/toolchain/bin/../lib/gcc/arm-openwrt-linux-muslgnueabi/5.2.0/crtend.o /home/aozhou/pub_work/jeffrey_code/R16_D9/tina/prebuilt/gcc/linux-x86/arm/toolchain-sunxi/toolchain/bin/../lib/gcc/arm-openwrt-linux-muslgnueabi/5.2.0/../../../../arm-openwrt-linux-muslgnueabi/lib/crtn.o]
    arg [/home/aozhou/pub_work/jeffrey_code/R16_D9/tina/prebuilt/gcc/linux-x86/arm/toolchain-sunxi/toolchain/bin/../libexec/gcc/arm-openwrt-linux-muslgnueabi/5.2.0/collect2] ==> ignore
    arg [-plugin] ==> ignore
    arg [/home/aozhou/pub_work/jeffrey_code/R16_D9/tina/prebuilt/gcc/linux-x86/arm/toolchain-sunxi/toolchain/bin/../libexec/gcc/arm-openwrt-linux-muslgnueabi/5.2.0/liblto_plugin.so] ==> ignore
    arg [-plugin-opt=/home/aozhou/pub_work/jeffrey_code/R16_D9/tina/prebuilt/gcc/linux-x86/arm/toolchain-sunxi/toolchain/bin/../libexec/gcc/arm-openwrt-linux-muslgnueabi/5.2.0/lto-wrapper] ==> ignore
    arg [-plugin-opt=-fresolution=/tmp/cc3lTcWK.res] ==> ignore
    arg [-plugin-opt=-pass-through=-lgcc_s] ==> ignore
    arg [-plugin-opt=-pass-through=-lc] ==> ignore
    arg [-plugin-opt=-pass-through=-lgcc_s] ==> ignore
    arg [--sysroot=] ==> ignore
    arg [--eh-frame-hdr] ==> ignore
    arg [-export-dynamic] ==> ignore
    arg [-dynamic-linker] ==> ignore
    arg [/lib/ld-musl-armhf.so.1] ==> ignore
    arg [-X] ==> ignore
    arg [-m] ==> ignore
    arg [armelf_linux_eabi] ==> ignore
    arg [-o] ==> ignore
    arg [cmTC_8cc85] ==> ignore
    arg [/home/aozhou/pub_work/jeffrey_code/R16_D9/tina/prebuilt/gcc/linux-x86/arm/toolchain-sunxi/toolchain/bin/../lib/gcc/arm-openwrt-linux-muslgnueabi/5.2.0/../../../../arm-openwrt-linux-muslgnueabi/lib/crt1.o] ==> ignore
    arg [/home/aozhou/pub_work/jeffrey_code/R16_D9/tina/prebuilt/gcc/linux-x86/arm/toolchain-sunxi/toolchain/bin/../lib/gcc/arm-openwrt-linux-muslgnueabi/5.2.0/../../../../arm-openwrt-linux-muslgnueabi/lib/crti.o] ==> ignore
    arg [/home/aozhou/pub_work/jeffrey_code/R16_D9/tina/prebuilt/gcc/linux-x86/arm/toolchain-sunxi/toolchain/bin/../lib/gcc/arm-openwrt-linux-muslgnueabi/5.2.0/crtbegin.o] ==> ignore
    arg [-L/usr/lib] ==> dir [/usr/lib]
    arg [-rpath-link] ==> ignore
    arg [/usr/lib] ==> ignore
    arg [-L/home/aozhou/pub_work/jeffrey_code/R16_D9/tina/prebuilt/gcc/linux-x86/arm/toolchain-sunxi/toolchain/bin/../lib/gcc/arm-openwrt-linux-muslgnueabi/5.2.0] ==> dir [/home/aozhou/pub_work/jeffrey_code/R16_D9/tina/prebuilt/gcc/linux-x86/arm/toolchain-sunxi/toolchain/bin/../lib/gcc/arm-openwrt-linux-muslgnueabi/5.2.0]
    arg [-L/home/aozhou/pub_work/jeffrey_code/R16_D9/tina/prebuilt/gcc/linux-x86/arm/toolchain-sunxi/toolchain/bin/../lib/gcc] ==> dir [/home/aozhou/pub_work/jeffrey_code/R16_D9/tina/prebuilt/gcc/linux-x86/arm/toolchain-sunxi/toolchain/bin/../lib/gcc]
    arg [-L/home/aozhou/pub_work/jeffrey_code/R16_D9/tina/prebuilt/gcc/linux-x86/arm/toolchain-sunxi/toolchain/bin/../lib/gcc/arm-openwrt-linux-muslgnueabi/5.2.0/../../../../arm-openwrt-linux-muslgnueabi/lib] ==> dir [/home/aozhou/pub_work/jeffrey_code/R16_D9/tina/prebuilt/gcc/linux-x86/arm/toolchain-sunxi/toolchain/bin/../lib/gcc/arm-openwrt-linux-muslgnueabi/5.2.0/../../../../arm-openwrt-linux-muslgnueabi/lib]
    arg [CMakeFiles/cmTC_8cc85.dir/CMakeCXXCompilerABI.cpp.o] ==> ignore
    arg [-lstdc++] ==> lib [stdc++]
    arg [-lm] ==> lib [m]
    arg [-lssp_nonshared] ==> lib [ssp_nonshared]
    arg [-lgcc_s] ==> lib [gcc_s]
    arg [-lc] ==> lib [c]
    arg [-lgcc_s] ==> lib [gcc_s]
    arg [/home/aozhou/pub_work/jeffrey_code/R16_D9/tina/prebuilt/gcc/linux-x86/arm/toolchain-sunxi/toolchain/bin/../lib/gcc/arm-openwrt-linux-muslgnueabi/5.2.0/crtend.o] ==> ignore
    arg [/home/aozhou/pub_work/jeffrey_code/R16_D9/tina/prebuilt/gcc/linux-x86/arm/toolchain-sunxi/toolchain/bin/../lib/gcc/arm-openwrt-linux-muslgnueabi/5.2.0/../../../../arm-openwrt-linux-muslgnueabi/lib/crtn.o] ==> ignore
  collapse library dir [/usr/lib] ==> [/usr/lib]
  collapse library dir [/home/aozhou/pub_work/jeffrey_code/R16_D9/tina/prebuilt/gcc/linux-x86/arm/toolchain-sunxi/toolchain/bin/../lib/gcc/arm-openwrt-linux-muslgnueabi/5.2.0] ==> [/home/aozhou/pub_work/jeffrey_code/R16_D9/tina/prebuilt/gcc/linux-x86/arm/toolchain-sunxi/toolchain/lib/gcc/arm-openwrt-linux-muslgnueabi/5.2.0]
  collapse library dir [/home/aozhou/pub_work/jeffrey_code/R16_D9/tina/prebuilt/gcc/linux-x86/arm/toolchain-sunxi/toolchain/bin/../lib/gcc] ==> [/home/aozhou/pub_work/jeffrey_code/R16_D9/tina/prebuilt/gcc/linux-x86/arm/toolchain-sunxi/toolchain/lib/gcc]
  collapse library dir [/home/aozhou/pub_work/jeffrey_code/R16_D9/tina/prebuilt/gcc/linux-x86/arm/toolchain-sunxi/toolchain/bin/../lib/gcc/arm-openwrt-linux-muslgnueabi/5.2.0/../../../../arm-openwrt-linux-muslgnueabi/lib] ==> [/home/aozhou/pub_work/jeffrey_code/R16_D9/tina/prebuilt/gcc/linux-x86/arm/toolchain-sunxi/toolchain/arm-openwrt-linux-muslgnueabi/lib]
  implicit libs: [stdc++;m;ssp_nonshared;gcc_s;c;gcc_s]
  implicit dirs: [/usr/lib;/home/aozhou/pub_work/jeffrey_code/R16_D9/tina/prebuilt/gcc/linux-x86/arm/toolchain-sunxi/toolchain/lib/gcc/arm-openwrt-linux-muslgnueabi/5.2.0;/home/aozhou/pub_work/jeffrey_code/R16_D9/tina/prebuilt/gcc/linux-x86/arm/toolchain-sunxi/toolchain/lib/gcc;/home/aozhou/pub_work/jeffrey_code/R16_D9/tina/prebuilt/gcc/linux-x86/arm/toolchain-sunxi/toolchain/arm-openwrt-linux-muslgnueabi/lib]
  implicit fwks: []




Detecting CXX [-std=c++1z] compiler features compiled with the following output:
Change Dir: /home/aozhou/new_work/wu/R16_D9/tina/package/allwinner/dueros/src/OMtech_buildout/CMakeFiles/CMakeTmp

Run Build Command:"/usr/bin/make" "cmTC_f22d7/fast"
/usr/bin/make -f CMakeFiles/cmTC_f22d7.dir/build.make CMakeFiles/cmTC_f22d7.dir/build
make[1]: Entering directory `/home/aozhou/new_work/wu/R16_D9/tina/package/allwinner/dueros/src/OMtech_buildout/CMakeFiles/CMakeTmp'
Building CXX object CMakeFiles/cmTC_f22d7.dir/feature_tests.cxx.o
/home/aozhou/pub_work/jeffrey_code/R16_D9/tina/prebuilt/gcc/linux-x86/arm/toolchain-sunxi/toolchain/bin/arm-openwrt-linux-g++    -std=c++11 --sysroot=  -fPIC    -std=c++1z -o CMakeFiles/cmTC_f22d7.dir/feature_tests.cxx.o -c /home/aozhou/new_work/wu/R16_D9/tina/package/allwinner/dueros/src/OMtech_buildout/CMakeFiles/feature_tests.cxx
arm-openwrt-linux-muslgnueabi-g++.bin: warning: environment variable 'STAGING_DIR' not defined
Linking CXX executable cmTC_f22d7
/home/aozhou/pub_work/jeffrey_code/test/cmake-3.10.1-Linux-x86_64/bin/cmake -E cmake_link_script CMakeFiles/cmTC_f22d7.dir/link.txt --verbose=1
/home/aozhou/pub_work/jeffrey_code/R16_D9/tina/prebuilt/gcc/linux-x86/arm/toolchain-sunxi/toolchain/bin/arm-openwrt-linux-g++  -std=c++11 --sysroot=  -fPIC     -rdynamic CMakeFiles/cmTC_f22d7.dir/feature_tests.cxx.o  -o cmTC_f22d7 
arm-openwrt-linux-muslgnueabi-g++.bin: warning: environment variable 'STAGING_DIR' not defined
arm-openwrt-linux-muslgnueabi-g++.bin: warning: environment variable 'STAGING_DIR' not defined
make[1]: Leaving directory `/home/aozhou/new_work/wu/R16_D9/tina/package/allwinner/dueros/src/OMtech_buildout/CMakeFiles/CMakeTmp'


    Feature record: CXX_FEATURE:1cxx_aggregate_default_initializers
    Feature record: CXX_FEATURE:1cxx_alias_templates
    Feature record: CXX_FEATURE:1cxx_alignas
    Feature record: CXX_FEATURE:1cxx_alignof
    Feature record: CXX_FEATURE:1cxx_attributes
    Feature record: CXX_FEATURE:1cxx_attribute_deprecated
    Feature record: CXX_FEATURE:1cxx_auto_type
    Feature record: CXX_FEATURE:1cxx_binary_literals
    Feature record: CXX_FEATURE:1cxx_constexpr
    Feature record: CXX_FEATURE:1cxx_contextual_conversions
    Feature record: CXX_FEATURE:1cxx_decltype
    Feature record: CXX_FEATURE:1cxx_decltype_auto
    Feature record: CXX_FEATURE:1cxx_decltype_incomplete_return_types
    Feature record: CXX_FEATURE:1cxx_default_function_template_args
    Feature record: CXX_FEATURE:1cxx_defaulted_functions
    Feature record: CXX_FEATURE:1cxx_defaulted_move_initializers
    Feature record: CXX_FEATURE:1cxx_delegating_constructors
    Feature record: CXX_FEATURE:1cxx_deleted_functions
    Feature record: CXX_FEATURE:1cxx_digit_separators
    Feature record: CXX_FEATURE:1cxx_enum_forward_declarations
    Feature record: CXX_FEATURE:1cxx_explicit_conversions
    Feature record: CXX_FEATURE:1cxx_extended_friend_declarations
    Feature record: CXX_FEATURE:1cxx_extern_templates
    Feature record: CXX_FEATURE:1cxx_final
    Feature record: CXX_FEATURE:1cxx_func_identifier
    Feature record: CXX_FEATURE:1cxx_generalized_initializers
    Feature record: CXX_FEATURE:1cxx_generic_lambdas
    Feature record: CXX_FEATURE:1cxx_inheriting_constructors
    Feature record: CXX_FEATURE:1cxx_inline_namespaces
    Feature record: CXX_FEATURE:1cxx_lambdas
    Feature record: CXX_FEATURE:1cxx_lambda_init_captures
    Feature record: CXX_FEATURE:1cxx_local_type_template_args
    Feature record: CXX_FEATURE:1cxx_long_long_type
    Feature record: CXX_FEATURE:1cxx_noexcept
    Feature record: CXX_FEATURE:1cxx_nonstatic_member_init
    Feature record: CXX_FEATURE:1cxx_nullptr
    Feature record: CXX_FEATURE:1cxx_override
    Feature record: CXX_FEATURE:1cxx_range_for
    Feature record: CXX_FEATURE:1cxx_raw_string_literals
    Feature record: CXX_FEATURE:1cxx_reference_qualified_functions
    Feature record: CXX_FEATURE:1cxx_relaxed_constexpr
    Feature record: CXX_FEATURE:1cxx_return_type_deduction
    Feature record: CXX_FEATURE:1cxx_right_angle_brackets
    Feature record: CXX_FEATURE:1cxx_rvalue_references
    Feature record: CXX_FEATURE:1cxx_sizeof_member
    Feature record: CXX_FEATURE:1cxx_static_assert
    Feature record: CXX_FEATURE:1cxx_strong_enums
    Feature record: CXX_FEATURE:1cxx_template_template_parameters
    Feature record: CXX_FEATURE:1cxx_thread_local
    Feature record: CXX_FEATURE:1cxx_trailing_return_types
    Feature record: CXX_FEATURE:1cxx_unicode_literals
    Feature record: CXX_FEATURE:1cxx_uniform_initialization
    Feature record: CXX_FEATURE:1cxx_unrestricted_unions
    Feature record: CXX_FEATURE:1cxx_user_literals
    Feature record: CXX_FEATURE:1cxx_variable_templates
    Feature record: CXX_FEATURE:1cxx_variadic_macros
    Feature record: CXX_FEATURE:1cxx_variadic_templates


Detecting CXX [-std=c++14] compiler features compiled with the following output:
Change Dir: /home/aozhou/new_work/wu/R16_D9/tina/package/allwinner/dueros/src/OMtech_buildout/CMakeFiles/CMakeTmp

Run Build Command:"/usr/bin/make" "cmTC_20cc0/fast"
/usr/bin/make -f CMakeFiles/cmTC_20cc0.dir/build.make CMakeFiles/cmTC_20cc0.dir/build
make[1]: Entering directory `/home/aozhou/new_work/wu/R16_D9/tina/package/allwinner/dueros/src/OMtech_buildout/CMakeFiles/CMakeTmp'
Building CXX object CMakeFiles/cmTC_20cc0.dir/feature_tests.cxx.o
/home/aozhou/pub_work/jeffrey_code/R16_D9/tina/prebuilt/gcc/linux-x86/arm/toolchain-sunxi/toolchain/bin/arm-openwrt-linux-g++    -std=c++11 --sysroot=  -fPIC    -std=c++14 -o CMakeFiles/cmTC_20cc0.dir/feature_tests.cxx.o -c /home/aozhou/new_work/wu/R16_D9/tina/package/allwinner/dueros/src/OMtech_buildout/CMakeFiles/feature_tests.cxx
arm-openwrt-linux-muslgnueabi-g++.bin: warning: environment variable 'STAGING_DIR' not defined
Linking CXX executable cmTC_20cc0
/home/aozhou/pub_work/jeffrey_code/test/cmake-3.10.1-Linux-x86_64/bin/cmake -E cmake_link_script CMakeFiles/cmTC_20cc0.dir/link.txt --verbose=1
/home/aozhou/pub_work/jeffrey_code/R16_D9/tina/prebuilt/gcc/linux-x86/arm/toolchain-sunxi/toolchain/bin/arm-openwrt-linux-g++  -std=c++11 --sysroot=  -fPIC     -rdynamic CMakeFiles/cmTC_20cc0.dir/feature_tests.cxx.o  -o cmTC_20cc0 
arm-openwrt-linux-muslgnueabi-g++.bin: warning: environment variable 'STAGING_DIR' not defined
arm-openwrt-linux-muslgnueabi-g++.bin: warning: environment variable 'STAGING_DIR' not defined
make[1]: Leaving directory `/home/aozhou/new_work/wu/R16_D9/tina/package/allwinner/dueros/src/OMtech_buildout/CMakeFiles/CMakeTmp'


    Feature record: CXX_FEATURE:1cxx_aggregate_default_initializers
    Feature record: CXX_FEATURE:1cxx_alias_templates
    Feature record: CXX_FEATURE:1cxx_alignas
    Feature record: CXX_FEATURE:1cxx_alignof
    Feature record: CXX_FEATURE:1cxx_attributes
    Feature record: CXX_FEATURE:1cxx_attribute_deprecated
    Feature record: CXX_FEATURE:1cxx_auto_type
    Feature record: CXX_FEATURE:1cxx_binary_literals
    Feature record: CXX_FEATURE:1cxx_constexpr
    Feature record: CXX_FEATURE:1cxx_contextual_conversions
    Feature record: CXX_FEATURE:1cxx_decltype
    Feature record: CXX_FEATURE:1cxx_decltype_auto
    Feature record: CXX_FEATURE:1cxx_decltype_incomplete_return_types
    Feature record: CXX_FEATURE:1cxx_default_function_template_args
    Feature record: CXX_FEATURE:1cxx_defaulted_functions
    Feature record: CXX_FEATURE:1cxx_defaulted_move_initializers
    Feature record: CXX_FEATURE:1cxx_delegating_constructors
    Feature record: CXX_FEATURE:1cxx_deleted_functions
    Feature record: CXX_FEATURE:1cxx_digit_separators
    Feature record: CXX_FEATURE:1cxx_enum_forward_declarations
    Feature record: CXX_FEATURE:1cxx_explicit_conversions
    Feature record: CXX_FEATURE:1cxx_extended_friend_declarations
    Feature record: CXX_FEATURE:1cxx_extern_templates
    Feature record: CXX_FEATURE:1cxx_final
    Feature record: CXX_FEATURE:1cxx_func_identifier
    Feature record: CXX_FEATURE:1cxx_generalized_initializers
    Feature record: CXX_FEATURE:1cxx_generic_lambdas
    Feature record: CXX_FEATURE:1cxx_inheriting_constructors
    Feature record: CXX_FEATURE:1cxx_inline_namespaces
    Feature record: CXX_FEATURE:1cxx_lambdas
    Feature record: CXX_FEATURE:1cxx_lambda_init_captures
    Feature record: CXX_FEATURE:1cxx_local_type_template_args
    Feature record: CXX_FEATURE:1cxx_long_long_type
    Feature record: CXX_FEATURE:1cxx_noexcept
    Feature record: CXX_FEATURE:1cxx_nonstatic_member_init
    Feature record: CXX_FEATURE:1cxx_nullptr
    Feature record: CXX_FEATURE:1cxx_override
    Feature record: CXX_FEATURE:1cxx_range_for
    Feature record: CXX_FEATURE:1cxx_raw_string_literals
    Feature record: CXX_FEATURE:1cxx_reference_qualified_functions
    Feature record: CXX_FEATURE:1cxx_relaxed_constexpr
    Feature record: CXX_FEATURE:1cxx_return_type_deduction
    Feature record: CXX_FEATURE:1cxx_right_angle_brackets
    Feature record: CXX_FEATURE:1cxx_rvalue_references
    Feature record: CXX_FEATURE:1cxx_sizeof_member
    Feature record: CXX_FEATURE:1cxx_static_assert
    Feature record: CXX_FEATURE:1cxx_strong_enums
    Feature record: CXX_FEATURE:1cxx_template_template_parameters
    Feature record: CXX_FEATURE:1cxx_thread_local
    Feature record: CXX_FEATURE:1cxx_trailing_return_types
    Feature record: CXX_FEATURE:1cxx_unicode_literals
    Feature record: CXX_FEATURE:1cxx_uniform_initialization
    Feature record: CXX_FEATURE:1cxx_unrestricted_unions
    Feature record: CXX_FEATURE:1cxx_user_literals
    Feature record: CXX_FEATURE:1cxx_variable_templates
    Feature record: CXX_FEATURE:1cxx_variadic_macros
    Feature record: CXX_FEATURE:1cxx_variadic_templates


Detecting CXX [-std=c++11] compiler features compiled with the following output:
Change Dir: /home/aozhou/new_work/wu/R16_D9/tina/package/allwinner/dueros/src/OMtech_buildout/CMakeFiles/CMakeTmp

Run Build Command:"/usr/bin/make" "cmTC_b8726/fast"
/usr/bin/make -f CMakeFiles/cmTC_b8726.dir/build.make CMakeFiles/cmTC_b8726.dir/build
make[1]: Entering directory `/home/aozhou/new_work/wu/R16_D9/tina/package/allwinner/dueros/src/OMtech_buildout/CMakeFiles/CMakeTmp'
Building CXX object CMakeFiles/cmTC_b8726.dir/feature_tests.cxx.o
/home/aozhou/pub_work/jeffrey_code/R16_D9/tina/prebuilt/gcc/linux-x86/arm/toolchain-sunxi/toolchain/bin/arm-openwrt-linux-g++    -std=c++11 --sysroot=  -fPIC    -std=c++11 -o CMakeFiles/cmTC_b8726.dir/feature_tests.cxx.o -c /home/aozhou/new_work/wu/R16_D9/tina/package/allwinner/dueros/src/OMtech_buildout/CMakeFiles/feature_tests.cxx
arm-openwrt-linux-muslgnueabi-g++.bin: warning: environment variable 'STAGING_DIR' not defined
Linking CXX executable cmTC_b8726
/home/aozhou/pub_work/jeffrey_code/test/cmake-3.10.1-Linux-x86_64/bin/cmake -E cmake_link_script CMakeFiles/cmTC_b8726.dir/link.txt --verbose=1
/home/aozhou/pub_work/jeffrey_code/R16_D9/tina/prebuilt/gcc/linux-x86/arm/toolchain-sunxi/toolchain/bin/arm-openwrt-linux-g++  -std=c++11 --sysroot=  -fPIC     -rdynamic CMakeFiles/cmTC_b8726.dir/feature_tests.cxx.o  -o cmTC_b8726 
arm-openwrt-linux-muslgnueabi-g++.bin: warning: environment variable 'STAGING_DIR' not defined
arm-openwrt-linux-muslgnueabi-g++.bin: warning: environment variable 'STAGING_DIR' not defined
make[1]: Leaving directory `/home/aozhou/new_work/wu/R16_D9/tina/package/allwinner/dueros/src/OMtech_buildout/CMakeFiles/CMakeTmp'


    Feature record: CXX_FEATURE:0cxx_aggregate_default_initializers
    Feature record: CXX_FEATURE:1cxx_alias_templates
    Feature record: CXX_FEATURE:1cxx_alignas
    Feature record: CXX_FEATURE:1cxx_alignof
    Feature record: CXX_FEATURE:1cxx_attributes
    Feature record: CXX_FEATURE:0cxx_attribute_deprecated
    Feature record: CXX_FEATURE:1cxx_auto_type
    Feature record: CXX_FEATURE:0cxx_binary_literals
    Feature record: CXX_FEATURE:1cxx_constexpr
    Feature record: CXX_FEATURE:0cxx_contextual_conversions
    Feature record: CXX_FEATURE:1cxx_decltype
    Feature record: CXX_FEATURE:0cxx_decltype_auto
    Feature record: CXX_FEATURE:1cxx_decltype_incomplete_return_types
    Feature record: CXX_FEATURE:1cxx_default_function_template_args
    Feature record: CXX_FEATURE:1cxx_defaulted_functions
    Feature record: CXX_FEATURE:1cxx_defaulted_move_initializers
    Feature record: CXX_FEATURE:1cxx_delegating_constructors
    Feature record: CXX_FEATURE:1cxx_deleted_functions
    Feature record: CXX_FEATURE:0cxx_digit_separators
    Feature record: CXX_FEATURE:1cxx_enum_forward_declarations
    Feature record: CXX_FEATURE:1cxx_explicit_conversions
    Feature record: CXX_FEATURE:1cxx_extended_friend_declarations
    Feature record: CXX_FEATURE:1cxx_extern_templates
    Feature record: CXX_FEATURE:1cxx_final
    Feature record: CXX_FEATURE:1cxx_func_identifier
    Feature record: CXX_FEATURE:1cxx_generalized_initializers
    Feature record: CXX_FEATURE:0cxx_generic_lambdas
    Feature record: CXX_FEATURE:1cxx_inheriting_constructors
    Feature record: CXX_FEATURE:1cxx_inline_namespaces
    Feature record: CXX_FEATURE:1cxx_lambdas
    Feature record: CXX_FEATURE:0cxx_lambda_init_captures
    Feature record: CXX_FEATURE:1cxx_local_type_template_args
    Feature record: CXX_FEATURE:1cxx_long_long_type
    Feature record: CXX_FEATURE:1cxx_noexcept
    Feature record: CXX_FEATURE:1cxx_nonstatic_member_init
    Feature record: CXX_FEATURE:1cxx_nullptr
    Feature record: CXX_FEATURE:1cxx_override
    Feature record: CXX_FEATURE:1cxx_range_for
    Feature record: CXX_FEATURE:1cxx_raw_string_literals
    Feature record: CXX_FEATURE:1cxx_reference_qualified_functions
    Feature record: CXX_FEATURE:0cxx_relaxed_constexpr
    Feature record: CXX_FEATURE:0cxx_return_type_deduction
    Feature record: CXX_FEATURE:1cxx_right_angle_brackets
    Feature record: CXX_FEATURE:1cxx_rvalue_references
    Feature record: CXX_FEATURE:1cxx_sizeof_member
    Feature record: CXX_FEATURE:1cxx_static_assert
    Feature record: CXX_FEATURE:1cxx_strong_enums
    Feature record: CXX_FEATURE:1cxx_template_template_parameters
    Feature record: CXX_FEATURE:1cxx_thread_local
    Feature record: CXX_FEATURE:1cxx_trailing_return_types
    Feature record: CXX_FEATURE:1cxx_unicode_literals
    Feature record: CXX_FEATURE:1cxx_uniform_initialization
    Feature record: CXX_FEATURE:1cxx_unrestricted_unions
    Feature record: CXX_FEATURE:1cxx_user_literals
    Feature record: CXX_FEATURE:0cxx_variable_templates
    Feature record: CXX_FEATURE:1cxx_variadic_macros
    Feature record: CXX_FEATURE:1cxx_variadic_templates


Detecting CXX [-std=c++98] compiler features compiled with the following output:
Change Dir: /home/aozhou/new_work/wu/R16_D9/tina/package/allwinner/dueros/src/OMtech_buildout/CMakeFiles/CMakeTmp

Run Build Command:"/usr/bin/make" "cmTC_06efe/fast"
/usr/bin/make -f CMakeFiles/cmTC_06efe.dir/build.make CMakeFiles/cmTC_06efe.dir/build
make[1]: Entering directory `/home/aozhou/new_work/wu/R16_D9/tina/package/allwinner/dueros/src/OMtech_buildout/CMakeFiles/CMakeTmp'
Building CXX object CMakeFiles/cmTC_06efe.dir/feature_tests.cxx.o
/home/aozhou/pub_work/jeffrey_code/R16_D9/tina/prebuilt/gcc/linux-x86/arm/toolchain-sunxi/toolchain/bin/arm-openwrt-linux-g++    -std=c++11 --sysroot=  -fPIC    -std=c++98 -o CMakeFiles/cmTC_06efe.dir/feature_tests.cxx.o -c /home/aozhou/new_work/wu/R16_D9/tina/package/allwinner/dueros/src/OMtech_buildout/CMakeFiles/feature_tests.cxx
arm-openwrt-linux-muslgnueabi-g++.bin: warning: environment variable 'STAGING_DIR' not defined
Linking CXX executable cmTC_06efe
/home/aozhou/pub_work/jeffrey_code/test/cmake-3.10.1-Linux-x86_64/bin/cmake -E cmake_link_script CMakeFiles/cmTC_06efe.dir/link.txt --verbose=1
/home/aozhou/pub_work/jeffrey_code/R16_D9/tina/prebuilt/gcc/linux-x86/arm/toolchain-sunxi/toolchain/bin/arm-openwrt-linux-g++  -std=c++11 --sysroot=  -fPIC     -rdynamic CMakeFiles/cmTC_06efe.dir/feature_tests.cxx.o  -o cmTC_06efe 
arm-openwrt-linux-muslgnueabi-g++.bin: warning: environment variable 'STAGING_DIR' not defined
arm-openwrt-linux-muslgnueabi-g++.bin: warning: environment variable 'STAGING_DIR' not defined
make[1]: Leaving directory `/home/aozhou/new_work/wu/R16_D9/tina/package/allwinner/dueros/src/OMtech_buildout/CMakeFiles/CMakeTmp'


    Feature record: CXX_FEATURE:0cxx_aggregate_default_initializers
    Feature record: CXX_FEATURE:0cxx_alias_templates
    Feature record: CXX_FEATURE:0cxx_alignas
    Feature record: CXX_FEATURE:0cxx_alignof
    Feature record: CXX_FEATURE:0cxx_attributes
    Feature record: CXX_FEATURE:0cxx_attribute_deprecated
    Feature record: CXX_FEATURE:0cxx_auto_type
    Feature record: CXX_FEATURE:0cxx_binary_literals
    Feature record: CXX_FEATURE:0cxx_constexpr
    Feature record: CXX_FEATURE:0cxx_contextual_conversions
    Feature record: CXX_FEATURE:0cxx_decltype
    Feature record: CXX_FEATURE:0cxx_decltype_auto
    Feature record: CXX_FEATURE:0cxx_decltype_incomplete_return_types
    Feature record: CXX_FEATURE:0cxx_default_function_template_args
    Feature record: CXX_FEATURE:0cxx_defaulted_functions
    Feature record: CXX_FEATURE:0cxx_defaulted_move_initializers
    Feature record: CXX_FEATURE:0cxx_delegating_constructors
    Feature record: CXX_FEATURE:0cxx_deleted_functions
    Feature record: CXX_FEATURE:0cxx_digit_separators
    Feature record: CXX_FEATURE:0cxx_enum_forward_declarations
    Feature record: CXX_FEATURE:0cxx_explicit_conversions
    Feature record: CXX_FEATURE:0cxx_extended_friend_declarations
    Feature record: CXX_FEATURE:0cxx_extern_templates
    Feature record: CXX_FEATURE:0cxx_final
    Feature record: CXX_FEATURE:0cxx_func_identifier
    Feature record: CXX_FEATURE:0cxx_generalized_initializers
    Feature record: CXX_FEATURE:0cxx_generic_lambdas
    Feature record: CXX_FEATURE:0cxx_inheriting_constructors
    Feature record: CXX_FEATURE:0cxx_inline_namespaces
    Feature record: CXX_FEATURE:0cxx_lambdas
    Feature record: CXX_FEATURE:0cxx_lambda_init_captures
    Feature record: CXX_FEATURE:0cxx_local_type_template_args
    Feature record: CXX_FEATURE:0cxx_long_long_type
    Feature record: CXX_FEATURE:0cxx_noexcept
    Feature record: CXX_FEATURE:0cxx_nonstatic_member_init
    Feature record: CXX_FEATURE:0cxx_nullptr
    Feature record: CXX_FEATURE:0cxx_override
    Feature record: CXX_FEATURE:0cxx_range_for
    Feature record: CXX_FEATURE:0cxx_raw_string_literals
    Feature record: CXX_FEATURE:0cxx_reference_qualified_functions
    Feature record: CXX_FEATURE:0cxx_relaxed_constexpr
    Feature record: CXX_FEATURE:0cxx_return_type_deduction
    Feature record: CXX_FEATURE:0cxx_right_angle_brackets
    Feature record: CXX_FEATURE:0cxx_rvalue_references
    Feature record: CXX_FEATURE:0cxx_sizeof_member
    Feature record: CXX_FEATURE:0cxx_static_assert
    Feature record: CXX_FEATURE:0cxx_strong_enums
    Feature record: CXX_FEATURE:1cxx_template_template_parameters
    Feature record: CXX_FEATURE:0cxx_thread_local
    Feature record: CXX_FEATURE:0cxx_trailing_return_types
    Feature record: CXX_FEATURE:0cxx_unicode_literals
    Feature record: CXX_FEATURE:0cxx_uniform_initialization
    Feature record: CXX_FEATURE:0cxx_unrestricted_unions
    Feature record: CXX_FEATURE:0cxx_user_literals
    Feature record: CXX_FEATURE:0cxx_variable_templates
    Feature record: CXX_FEATURE:0cxx_variadic_macros
    Feature record: CXX_FEATURE:0cxx_variadic_templates
